[debug] [2018-06-16T13:09:20.577Z] ----------------------------------------------------------------------
[debug] [2018-06-16T13:09:20.580Z] Command:       /home/wt-md23/.nvm/versions/node/v8.9.4/bin/node /home/wt-md23/.nvm/versions/node/v8.9.4/bin/firebase deploy
[debug] [2018-06-16T13:09:20.580Z] CLI Version:   3.18.5
[debug] [2018-06-16T13:09:20.580Z] Platform:      linux
[debug] [2018-06-16T13:09:20.580Z] Node Version:  v8.9.4
[debug] [2018-06-16T13:09:20.580Z] Time:          Sat Jun 16 2018 18:39:20 GMT+0530 (IST)
[debug] [2018-06-16T13:09:20.580Z] ----------------------------------------------------------------------
[debug] 
[debug] [2018-06-16T13:09:20.591Z] > command requires scopes: ["email","openid","https://www.googleapis.com/auth/cloudplatformprojects.readonly","https://www.googleapis.com/auth/firebase","https://www.googleapis.com/auth/cloud-platform"]
[debug] [2018-06-16T13:09:20.591Z] > authorizing via signed-in user
[debug] [2018-06-16T13:09:20.593Z] > refreshing access token with scopes: ["email","https://www.googleapis.com/auth/cloud-platform","https://www.googleapis.com/auth/cloudplatformprojects.readonly","https://www.googleapis.com/auth/firebase","openid"]
[debug] [2018-06-16T13:09:20.593Z] >>> HTTP REQUEST POST https://www.googleapis.com/oauth2/v3/token  
 { refresh_token: '1/EFJASO7Dq4JfcEPFk4aAW1QXe1uWZ03ETuSPRO_NMCM',
  client_id: '563584335869-fgrhgmd47bqnekij5i8b5pr03ho849e6.apps.googleusercontent.com',
  client_secret: 'j9iVZfS8kkCEFUPaAeJV0sAi',
  grant_type: 'refresh_token',
  scope: 'email https://www.googleapis.com/auth/cloud-platform https://www.googleapis.com/auth/cloudplatformprojects.readonly https://www.googleapis.com/auth/firebase openid' } 
 Sat Jun 16 2018 18:39:20 GMT+0530 (IST)
[debug] [2018-06-16T13:09:21.018Z] <<< HTTP RESPONSE 200
[debug] [2018-06-16T13:09:21.087Z] >>> HTTP REQUEST GET https://admin.firebase.com/v1/projects/vs-code-a3d2b  
  
 Sat Jun 16 2018 18:39:21 GMT+0530 (IST)
[debug] [2018-06-16T13:09:23.111Z] <<< HTTP RESPONSE 200
[debug] [2018-06-16T13:09:23.112Z] >>> HTTP REQUEST GET https://admin.firebase.com/v1/database/vs-code-a3d2b/tokens  
  
 Sat Jun 16 2018 18:39:23 GMT+0530 (IST)
[debug] [2018-06-16T13:09:24.163Z] <<< HTTP RESPONSE 200
[info] 
[info] === Deploying to 'vs-code-a3d2b'...
[info] 
[info] i  deploying hosting
[info] i  hosting: preparing dist/vs-code-firebase directory for upload...
[debug] [2018-06-16T13:09:25.835Z] >>> HTTP REQUEST PUT https://deploy.firebase.com/v1/hosting/vs-code-a3d2b/uploads/-LF7hjM2XisJ6szh74mu?fileCount=13&message=  
  
 Sat Jun 16 2018 18:39:25 GMT+0530 (IST)
[debug] [2018-06-16T13:09:39.615Z] <<< HTTP RESPONSE 200
[debug] [2018-06-16T13:09:39.616Z] [hosting] .tgz uploaded successfully, waiting for extraction
[info] ✔  hosting: 13 files uploaded successfully
[debug] [2018-06-16T13:09:40.270Z] [hosting] deploy completed after 14543ms
[debug] [2018-06-16T13:09:40.487Z] >>> HTTP REQUEST POST https://deploy.firebase.com/v1/projects/vs-code-a3d2b/releases  
 { hosting: 
   { public: 'dist/vs-code-firebase',
     rewrites: [ [Object] ],
     version: '-LF7hjM2XisJ6szh74mu',
     prefix: '-LF7hjM2XisJ6szh74mu/',
     manifest: [] } } 
 Sat Jun 16 2018 18:39:40 GMT+0530 (IST)
